In clock cycle: 0
Register Write to Reg: 0x02 Val: 0x7FFFF000
In clock cycle: 1
Register Write to Reg: 0x02 Val: 0x7FFFF0F0
In clock cycle: 2
Register Write to Reg: 0x05 Val: 0x10010008
In clock cycle: 3
Register Write to Reg: 0x05 Val: 0x10010000
In clock cycle: 4
Register Write to Reg: 0x0A Val: 0x00000008
In clock cycle: 5
Register Write to Reg: 0x0B Val: 0x10010014
In clock cycle: 6
Register Write to Reg: 0x0B Val: 0x10010004
In clock cycle: 7
Register Write to Reg: 0x0C Val: 0x1001001C
In clock cycle: 8
Register Write to Reg: 0x0C Val: 0x10010024
In clock cycle: 9
Register Write to Reg: 0x0D Val: 0x00000001
In clock cycle: 11
Register Write to Reg: 0x0E Val: 0x00000000
In clock cycle: 12
Register Write to Reg: 0x0F Val: 0x00000007
In clock cycle: 14
Register Write to Reg: 0x10 Val: 0x00000001
In clock cycle: 15
Register Write to Reg: 0x10 Val: 0x00000000
In clock cycle: 16
Register Write to Reg: 0x11 Val: 0x00000002
In clock cycle: 17
Register Write to Reg: 0x11 Val: 0x00000002
In clock cycle: 18
Register Write to Reg: 0x11 Val: 0x00000001
In clock cycle: 19
Register Write to Reg: 0x12 Val: 0x00000007
In clock cycle: 21
Register Write to Reg: 0x01 Val: 0x00400060
In clock cycle: 22
Register Write to Reg: 0x14 Val: 0x00000000
In clock cycle: 23
Register Write to Reg: 0x15 Val: 0x00000001
In clock cycle: 24
Register Write to Reg: 0x16 Val: 0x00000000
In clock cycle: 26
Register Write to Reg: 0x01 Val: 0x00400088
In clock cycle: 28
Register Write to Reg: 0x1C Val: 0x00000000
In clock cycle: 29
Register Write to Reg: 0x1D Val: 0x00000000
In clock cycle: 31
Register Write to Reg: 0x01 Val: 0x00400160
Execution is stopping! Clock Cycle: 32
