[inst #1] lui x2,524287
Register Write to Reg: 0x02 Val: 0x7FFFF000
[inst #2] addi x2,x2,240
Register Write to Reg: 0x02 Val: 0x7FFFF0F0
[inst #3] auipc x5,64528
Register Write to Reg: 0x05 Val: 0x10010008
[inst #4] addi x5,x5,-8
Register Write to Reg: 0x05 Val: 0x10010000
[inst #5] lw x10,0(x5)
Register Write to Reg: 0x0A Val: 0x00000008
[inst #6] auipc x11,64528
Register Write to Reg: 0x0B Val: 0x10010014
[inst #7] addi x11,x11,-16
Register Write to Reg: 0x0B Val: 0x10010004
[inst #8] auipc x12,64528
Register Write to Reg: 0x0C Val: 0x1001001C
[inst #9] addi x12,x12,8
Register Write to Reg: 0x0C Val: 0x10010024
[inst #10] addi x13,x0,1
Register Write to Reg: 0x0D Val: 0x00000001
[inst #11] blt x13,x10,8
[inst #12] addi x14,x0,0
Register Write to Reg: 0x0E Val: 0x00000000
[inst #13] addi x15,x10,-1
Register Write to Reg: 0x0F Val: 0x00000007
[inst #14] bge x14,x15,52
[inst #15] add x16,x14,x13
Register Write to Reg: 0x10 Val: 0x00000001
[inst #16] addi x16,x16,-1
Register Write to Reg: 0x10 Val: 0x00000000
[inst #17] slli x17,x13,1
Register Write to Reg: 0x11 Val: 0x00000002
[inst #18] add x17,x17,x14
Register Write to Reg: 0x11 Val: 0x00000002
[inst #19] addi x17,x17,-1
Register Write to Reg: 0x11 Val: 0x00000001
[inst #20] addi x18,x10,-1
Register Write to Reg: 0x12 Val: 0x00000007
[inst #21] blt x17,x18,8
[inst #22] jal x1,24
Register Write to Reg: 0x01 Val: 0x00400060
[inst #23] add x20,x14,x0
Register Write to Reg: 0x14 Val: 0x00000000
[inst #24] addi x21,x16,1
Register Write to Reg: 0x15 Val: 0x00000001
[inst #25] addi x22,x0,0
Register Write to Reg: 0x16 Val: 0x00000000
[inst #26] blt x20,x16,8
[inst #27] jal x1,128
Register Write to Reg: 0x01 Val: 0x00400088
[inst #28] bge x21,x17,40
[inst #29] addi x28,x0,0
Register Write to Reg: 0x1C Val: 0x00000000
[inst #30] slt x29,x28,x22
Register Write to Reg: 0x1D Val: 0x00000000
[inst #31] beq x29,x0,40
[inst #32] jal x1,4
Register Write to Reg: 0x01 Val: 0x00400160
[inst #33] wfi 

Program terminated by dropping off the bottom.
